<?xml version="1.0" encoding="UTF-8"?>
<!-- Generated by org.testng.reporters.JUnitReportReporter -->
<testsuite hostname="welcome-PC" name="GoogleHomePageTest" tests="1" failures="0" timestamp="5 Apr 2019 06:28:33 GMT" time="43.810" errors="0">
  <testcase name="HomePageTest" time="43.810" classname="GoogleHomePageTest"/>
</testsuite> <!-- GoogleHomePageTest -->
